INFO 2021-01-16 11:41:28,370 basehttp 124 "GET / HTTP/1.1" 200 16348
INFO 2021-01-16 11:41:28,510 basehttp 124 "GET /static/admin/css/fonts.css HTTP/1.1" 200 423
INFO 2021-01-16 11:41:28,862 basehttp 124 "GET /static/admin/fonts/Roboto-Bold-webfont.woff HTTP/1.1" 200 82564
INFO 2021-01-16 11:41:28,882 basehttp 124 "GET /static/admin/fonts/Roboto-Light-webfont.woff HTTP/1.1" 200 81348
INFO 2021-01-16 11:41:28,886 basehttp 124 "GET /static/admin/fonts/Roboto-Regular-webfont.woff HTTP/1.1" 200 80304
WARNING 2021-01-16 11:41:28,968 base 93 Not Found: /favicon.ico
WARNING 2021-01-16 11:41:28,971 basehttp 124 "GET /favicon.ico HTTP/1.1" 404 1984
WARNING 2021-01-16 11:53:35,443 base 93 Not Found: /
WARNING 2021-01-16 11:53:35,445 basehttp 124 "GET / HTTP/1.1" 404 2058
WARNING 2021-01-16 11:53:35,848 base 93 Not Found: /favicon.ico
WARNING 2021-01-16 11:53:35,849 basehttp 124 "GET /favicon.ico HTTP/1.1" 404 2109
INFO 2021-01-16 11:53:49,967 basehttp 124 "GET /admin/ HTTP/1.1" 302 0
INFO 2021-01-16 11:53:50,568 basehttp 124 "GET /admin/login/?next=/admin/ HTTP/1.1" 200 1857
INFO 2021-01-16 11:53:50,679 basehttp 124 "GET /static/admin/css/base.css HTTP/1.1" 200 16106
INFO 2021-01-16 11:53:50,687 basehttp 124 "GET /static/admin/css/responsive.css HTTP/1.1" 200 17894
INFO 2021-01-16 11:53:50,709 basehttp 124 "GET /static/admin/css/login.css HTTP/1.1" 200 1203
WARNING 2021-02-07 08:23:24,551 base 93 Not Found: /
WARNING 2021-02-07 08:23:24,553 basehttp 124 "GET / HTTP/1.1" 404 2163
WARNING 2021-02-07 08:23:25,059 base 93 Not Found: /favicon.ico
WARNING 2021-02-07 08:23:25,060 basehttp 124 "GET /favicon.ico HTTP/1.1" 404 2214
INFO 2021-02-07 08:23:31,787 basehttp 124 "GET /admin/ HTTP/1.1" 200 4159
ERROR 2021-02-07 08:23:31,793 basehttp 124 "GET /admin/ HTTP/1.1" 500 59
INFO 2021-02-07 08:23:35,649 basehttp 124 "GET /admin/ HTTP/1.1" 200 4159
INFO 2021-02-07 08:23:35,757 basehttp 124 "GET /static/xadmin/css/xadmin.plugins.css HTTP/1.1" 200 175
INFO 2021-02-07 08:23:35,783 basehttp 124 "GET /static/xadmin/css/themes/bootstrap-xadmin.css HTTP/1.1" 200 1888
INFO 2021-02-07 08:23:35,792 basehttp 124 "GET /static/xadmin/css/xadmin.responsive.css HTTP/1.1" 200 4361
INFO 2021-02-07 08:23:35,794 basehttp 124 "GET /static/xadmin/css/xadmin.main.css HTTP/1.1" 200 8376
INFO 2021-02-07 08:23:35,802 basehttp 124 "GET /static/xadmin/vendor/bootstrap/css/bootstrap.css HTTP/1.1" 200 126432
INFO 2021-02-07 08:23:35,809 basehttp 124 "GET /static/xadmin/vendor/font-awesome/css/font-awesome.css HTTP/1.1" 200 21658
INFO 2021-02-07 08:23:35,835 basehttp 124 "GET /static/xadmin/vendor/jquery/jquery.js HTTP/1.1" 200 240196
INFO 2021-02-07 08:23:35,842 basehttp 124 "GET /static/xadmin/vendor/jquery-ui/jquery.ui.widget.js HTTP/1.1" 200 15069
INFO 2021-02-07 08:23:35,842 basehttp 124 "GET /static/xadmin/vendor/jquery-ui/jquery.ui.core.js HTTP/1.1" 200 8195
INFO 2021-02-07 08:23:35,863 basehttp 124 "GET /static/xadmin/vendor/bootstrap/js/bootstrap.js HTTP/1.1" 200 58327
INFO 2021-02-07 08:23:35,880 basehttp 124 "GET /static/xadmin/vendor/jquery-ui/jquery.ui.sortable.js HTTP/1.1" 200 42543
INFO 2021-02-07 08:23:35,881 basehttp 124 "GET /static/xadmin/vendor/jquery-ui/jquery.ui.mouse.js HTTP/1.1" 200 4561
INFO 2021-02-07 08:23:35,892 basehttp 124 "GET /static/xadmin/js/xadmin.responsive.js HTTP/1.1" 200 4165
INFO 2021-02-07 08:23:35,921 basehttp 124 "GET /admin/jsi18n/ HTTP/1.1" 200 4166
INFO 2021-02-07 08:23:35,930 basehttp 124 "GET /static/xadmin/js/xadmin.main.js HTTP/1.1" 200 3401
INFO 2021-02-07 08:23:36,085 basehttp 124 "GET /static/xadmin/vendor/font-awesome/fonts/fontawesome-webfont.woff?v=4.0.3 HTTP/1.1" 200 44432
INFO 2021-02-07 08:23:47,140 basehttp 124 "POST /admin/ HTTP/1.1" 200 4396
INFO 2021-02-07 08:23:47,281 basehttp 124 "GET /admin/jsi18n/ HTTP/1.1" 200 4166
INFO 2021-02-07 08:24:47,555 basehttp 124 "POST /admin/ HTTP/1.1" 302 0
INFO 2021-02-07 08:24:51,738 basehttp 124 "GET /admin/ HTTP/1.1" 200 9801
INFO 2021-02-07 08:24:51,813 basehttp 124 "GET /static/xadmin/css/xadmin.page.dashboard.css HTTP/1.1" 200 790
INFO 2021-02-07 08:24:51,866 basehttp 124 "GET /static/xadmin/js/xadmin.page.dashboard.js HTTP/1.1" 200 3208
INFO 2021-02-07 08:24:51,872 basehttp 124 "GET /static/xadmin/js/xadmin.plugin.portal.js HTTP/1.1" 200 1000
INFO 2021-02-07 08:24:55,976 basehttp 124 "GET /admin/jsi18n/ HTTP/1.1" 200 7684
INFO 2021-02-07 08:25:11,191 basehttp 124 "GET /admin/auth/user/ HTTP/1.1" 200 29355
INFO 2021-02-07 08:25:11,271 basehttp 124 "GET /static/xadmin/css/xadmin.form.css HTTP/1.1" 200 3763
INFO 2021-02-07 08:25:11,354 basehttp 124 "GET /static/xadmin/js/xadmin.plugin.bookmark.js HTTP/1.1" 200 529
INFO 2021-02-07 08:25:11,355 basehttp 124 "GET /static/xadmin/js/xadmin.plugin.filters.js HTTP/1.1" 200 1990
INFO 2021-02-07 08:25:11,355 basehttp 124 "GET /static/xadmin/js/xadmin.plugin.details.js HTTP/1.1" 200 2319
INFO 2021-02-07 08:25:11,356 basehttp 124 "GET /static/xadmin/js/xadmin.plugin.actions.js HTTP/1.1" 200 4198
INFO 2021-02-07 08:25:11,362 basehttp 124 "GET /static/xadmin/js/xadmin.page.list.js HTTP/1.1" 200 1105
INFO 2021-02-07 08:25:11,372 basehttp 124 "GET /static/xadmin/js/xadmin.page.form.js HTTP/1.1" 200 1948
INFO 2021-02-07 08:25:15,439 basehttp 124 "GET /admin/jsi18n/ HTTP/1.1" 200 7684
WARNING 2021-02-07 08:35:48,092 base 93 Not Found: /
WARNING 2021-02-07 08:35:48,094 basehttp 124 "GET / HTTP/1.1" 404 2163
INFO 2021-02-07 08:36:01,144 basehttp 124 "GET /admin/auth/user/ HTTP/1.1" 200 30707
ERROR 2021-02-07 08:36:01,148 basehttp 124 "GET /admin/auth/user/ HTTP/1.1" 500 59
INFO 2021-02-07 08:36:01,283 basehttp 124 "GET /admin/auth/user/ HTTP/1.1" 200 30707
INFO 2021-02-07 08:36:05,535 basehttp 124 "GET /admin/jsi18n/ HTTP/1.1" 200 7684
INFO 2021-02-07 08:36:14,859 basehttp 124 "GET /admin/user/teacher/ HTTP/1.1" 200 23244
INFO 2021-02-07 08:36:19,056 basehttp 124 "GET /admin/jsi18n/ HTTP/1.1" 200 7684
INFO 2021-02-07 08:37:05,686 basehttp 124 "GET /admin/user/teacher/add/ HTTP/1.1" 200 17384
INFO 2021-02-07 08:37:05,757 basehttp 124 "GET /static/xadmin/vendor/select2/select2.css HTTP/1.1" 200 19226
INFO 2021-02-07 08:37:05,767 basehttp 124 "GET /static/xadmin/vendor/selectize/selectize.css HTTP/1.1" 200 8425
INFO 2021-02-07 08:37:05,767 basehttp 124 "GET /static/xadmin/vendor/selectize/selectize.bootstrap3.css HTTP/1.1" 200 10602
INFO 2021-02-07 08:37:05,776 basehttp 124 "GET /static/xadmin/vendor/bootstrap-datepicker/css/datepicker.css HTTP/1.1" 200 10225
INFO 2021-02-07 08:37:05,841 basehttp 124 "GET /static/xadmin/vendor/selectize/selectize.js HTTP/1.1" 200 98602
INFO 2021-02-07 08:37:05,851 basehttp 124 "GET /static/xadmin/vendor/select2/select2_locale_zh-hans.js HTTP/1.1" 200 694
INFO 2021-02-07 08:37:05,856 basehttp 124 "GET /static/xadmin/vendor/select2/select2.js HTTP/1.1" 200 104906
INFO 2021-02-07 08:37:05,893 basehttp 124 "GET /static/xadmin/js/xadmin.widget.select.js HTTP/1.1" 200 1344
INFO 2021-02-07 08:37:05,916 basehttp 124 "GET /static/xadmin/vendor/bootstrap-datepicker/js/bootstrap-datepicker.js HTTP/1.1" 200 32656
INFO 2021-02-07 08:37:05,918 basehttp 124 "GET /static/xadmin/js/xadmin.widget.datetime.js HTTP/1.1" 200 2979
INFO 2021-02-07 08:37:10,028 basehttp 124 "GET /admin/jsi18n/ HTTP/1.1" 200 7684
INFO 2021-02-07 08:37:23,257 basehttp 124 "GET /admin/user/student/ HTTP/1.1" 200 27226
INFO 2021-02-07 08:37:27,459 basehttp 124 "GET /admin/jsi18n/ HTTP/1.1" 200 7684
INFO 2021-02-07 08:37:33,327 basehttp 124 "GET /admin/user/student/add/ HTTP/1.1" 200 17713
INFO 2021-02-07 08:37:37,543 basehttp 124 "GET /admin/jsi18n/ HTTP/1.1" 200 7684
INFO 2021-02-07 08:53:46,330 basehttp 124 "GET /admin/user/student/add/ HTTP/1.1" 200 17713
INFO 2021-02-07 08:53:50,526 basehttp 124 "GET /admin/jsi18n/ HTTP/1.1" 200 7684
INFO 2021-02-07 08:54:04,699 basehttp 124 "GET /admin/user/student/add/ HTTP/1.1" 200 17713
INFO 2021-02-07 08:54:08,885 basehttp 124 "GET /admin/jsi18n/ HTTP/1.1" 200 7684
INFO 2021-02-07 08:54:19,663 basehttp 124 "GET /admin/user/teacher/ HTTP/1.1" 200 23244
INFO 2021-02-07 08:54:23,832 basehttp 124 "GET /admin/jsi18n/ HTTP/1.1" 200 7684
INFO 2021-02-07 08:56:42,999 basehttp 124 "GET /admin/user/teacher/ HTTP/1.1" 200 25163
INFO 2021-02-07 08:56:47,173 basehttp 124 "GET /admin/jsi18n/ HTTP/1.1" 200 7684
INFO 2021-02-07 08:56:57,006 basehttp 124 "GET /admin/question/paper/ HTTP/1.1" 200 23068
INFO 2021-02-07 08:57:01,223 basehttp 124 "GET /admin/jsi18n/ HTTP/1.1" 200 7684
INFO 2021-02-07 08:57:07,590 basehttp 124 "GET /admin/question/paper/add/ HTTP/1.1" 200 19722
INFO 2021-02-07 08:57:07,680 basehttp 124 "GET /static/xadmin/vendor/bootstrap-clockpicker/bootstrap-clockpicker.css HTTP/1.1" 200 3729
INFO 2021-02-07 08:57:07,730 basehttp 124 "GET /static/xadmin/js/xadmin.plugin.quick-form.js HTTP/1.1" 200 7546
INFO 2021-02-07 08:57:07,748 basehttp 124 "GET /static/xadmin/vendor/bootstrap-clockpicker/bootstrap-clockpicker.js HTTP/1.1" 200 21112
INFO 2021-02-07 08:57:11,816 basehttp 124 "GET /admin/jsi18n/ HTTP/1.1" 200 7684
INFO 2021-02-07 08:57:24,993 basehttp 124 "GET /admin/question/question/ HTTP/1.1" 200 24350
INFO 2021-02-07 08:57:29,181 basehttp 124 "GET /admin/jsi18n/ HTTP/1.1" 200 7684
INFO 2021-02-07 08:57:35,510 basehttp 124 "GET /admin/question/question/add/ HTTP/1.1" 200 19515
INFO 2021-02-07 08:57:39,717 basehttp 124 "GET /admin/jsi18n/ HTTP/1.1" 200 7684
INFO 2021-02-07 08:58:15,963 basehttp 124 "GET /admin/record/grade/ HTTP/1.1" 200 22837
INFO 2021-02-07 08:58:20,156 basehttp 124 "GET /admin/jsi18n/ HTTP/1.1" 200 7684
INFO 2021-02-07 08:58:28,915 basehttp 124 "GET /admin/record/grade/add/ HTTP/1.1" 200 17465
INFO 2021-02-07 08:58:33,100 basehttp 124 "GET /admin/jsi18n/ HTTP/1.1" 200 7684
